<?xml version="1.0" encoding="UTF-8"?>
<!-- Generated by org.testng.reporters.JUnitXMLReporter -->
<testsuite hostname="LAPTOP-U33DTFT3" ignored="0" name="Test" tests="4" failures="1" timestamp="29 五月 2019 00:19:15 GMT" time="51.115" errors="0">
  <testcase name="test" time="5.698" classname="com.selenium.pageObject.test.TestLogin">
    <skipped/>
  </testcase> <!-- test -->
  <testcase name="test" time="3.25" classname="com.selenium.pageObject.test.TestLogin">
    <skipped/>
  </testcase> <!-- test -->
  <testcase name="test" time="2.688" classname="com.selenium.pageObject.test.TestLogin">
    <failure type="java.lang.AssertionError" message="expected [登录成功] but found [用户名或密码错误]">
      <![CDATA[java.lang.AssertionError: expected [登录成功] but found [用户名或密码错误]
at com.selenium.pageObject.LoginPage.check_login_result(LoginPage.java:47)
at com.selenium.pageObject.test.TestLogin.test(TestLogin.java:26)
... Removed 31 stack frames]]>
    </failure>
  </testcase> <!-- test -->
  <testcase name="test" time="5.579" classname="com.selenium.pageObject.test.TestLogin"/>
</testsuite> <!-- Test -->
